# JRE version: OpenJDK Runtime Environment Temurin-11.0.12+7 (11.0.12+7) (build 11.0.12+7)
# Java VM: OpenJDK 64-Bit Server VM Temurin-11.0.12+7 (11.0.12+7, mixed mode, tiered, compressed oops, g1 gc, bsd-amd64)
Heap:
 garbage-first heap   total 235520K, used 185368K [0x0000000780000000, 0x0000000800000000)
  region size 1024K, 71 young (72704K), 2 survivors (2048K)
 Metaspace       used 20839K, capacity 21481K, committed 21760K, reserved 1069056K
  class space    used 2443K, capacity 2724K, committed 2816K, reserved 1048576K
GC Heap History (20 events):
Event: 2.964 GC heap before
{Heap before GC invocations=15 (full 0):
 garbage-first heap   total 162816K, used 102903K [0x0000000780000000, 0x0000000800000000)
  region size 1024K, 2 young (2048K), 1 survivors (1024K)
 Metaspace       used 15470K, capacity 15869K, committed 16128K, reserved 1062912K
  class space    used 1855K, capacity 2022K, committed 2048K, reserved 1048576K
}
Event: 2.964 GC heap after
{Heap after GC invocations=16 (full 0):
 garbage-first heap   total 162816K, used 102911K [0x0000000780000000, 0x0000000800000000)
  region size 1024K, 1 young (1024K), 1 survivors (1024K)
 Metaspace       used 15470K, capacity 15869K, committed 16128K, reserved 1062912K
  class space    used 1855K, capacity 2022K, committed 2048K, reserved 1048576K
}
Event: 2.989 GC heap before
{Heap before GC invocations=17 (full 0):
 garbage-first heap   total 162816K, used 103935K [0x0000000780000000, 0x0000000800000000)
  region size 1024K, 2 young (2048K), 1 survivors (1024K)
 Metaspace       used 15474K, capacity 15869K, committed 16128K, reserved 1062912K
  class space    used 1855K, capacity 2022K, committed 2048K, reserved 1048576K
}
Event: 2.989 GC heap after
{Heap after GC invocations=18 (full 0):
 garbage-first heap   total 162816K, used 103937K [0x0000000780000000, 0x0000000800000000)
  region size 1024K, 1 young (1024K), 1 survivors (1024K)
 Metaspace       used 15474K, capacity 15869K, committed 16128K, reserved 1062912K
  class space    used 1855K, capacity 2022K, committed 2048K, reserved 1048576K
}
Event: 3.016 GC heap before
{Heap before GC invocations=19 (full 0):
 garbage-first heap   total 162816K, used 104961K [0x0000000780000000, 0x0000000800000000)
  region size 1024K, 2 young (2048K), 1 survivors (1024K)
 Metaspace       used 15474K, capacity 15869K, committed 16128K, reserved 1062912K
  class space    used 1855K, capacity 2022K, committed 2048K, reserved 1048576K
}
Event: 3.016 GC heap after
{Heap after GC invocations=20 (full 0):
 garbage-first heap   total 162816K, used 104966K [0x0000000780000000, 0x0000000800000000)
  region size 1024K, 1 young (1024K), 1 survivors (1024K)
 Metaspace       used 15474K, capacity 15869K, committed 16128K, reserved 1062912K
  class space    used 1855K, capacity 2022K, committed 2048K, reserved 1048576K
}
Event: 3.038 GC heap before
{Heap before GC invocations=21 (full 0):
 garbage-first heap   total 162816K, used 105990K [0x0000000780000000, 0x0000000800000000)
  region size 1024K, 2 young (2048K), 1 survivors (1024K)
 Metaspace       used 15474K, capacity 15869K, committed 16128K, reserved 1062912K
  class space    used 1855K, capacity 2022K, committed 2048K, reserved 1048576K
}
Event: 3.039 GC heap after
{Heap after GC invocations=22 (full 0):
 garbage-first heap   total 195584K, used 105994K [0x0000000780000000, 0x0000000800000000)
  region size 1024K, 1 young (1024K), 1 survivors (1024K)
 Metaspace       used 15474K, capacity 15869K, committed 16128K, reserved 1062912K
  class space    used 1855K, capacity 2022K, committed 2048K, reserved 1048576K
}
Event: 3.063 GC heap before
{Heap before GC invocations=23 (full 0):
 garbage-first heap   total 195584K, used 107018K [0x0000000780000000, 0x0000000800000000)
  region size 1024K, 2 young (2048K), 1 survivors (1024K)
 Metaspace       used 15474K, capacity 15869K, committed 16128K, reserved 1062912K
  class space    used 1855K, capacity 2022K, committed 2048K, reserved 1048576K
}
Event: 3.063 GC heap after
{Heap after GC invocations=24 (full 0):
 garbage-first heap   total 195584K, used 107025K [0x0000000780000000, 0x0000000800000000)
  region size 1024K, 1 young (1024K), 1 survivors (1024K)
 Metaspace       used 15474K, capacity 15869K, committed 16128K, reserved 1062912K
  class space    used 1855K, capacity 2022K, committed 2048K, reserved 1048576K
}
Event: 3.093 GC heap before
{Heap before GC invocations=25 (full 0):
 garbage-first heap   total 195584K, used 108049K [0x0000000780000000, 0x0000000800000000)
  region size 1024K, 2 young (2048K), 1 survivors (1024K)
 Metaspace       used 15483K, capacity 15869K, committed 16128K, reserved 1062912K
  class space    used 1855K, capacity 2022K, committed 2048K, reserved 1048576K
}
Event: 3.094 GC heap after
{Heap after GC invocations=26 (full 0):
 garbage-first heap   total 195584K, used 108064K [0x0000000780000000, 0x0000000800000000)
  region size 1024K, 1 young (1024K), 1 survivors (1024K)
 Metaspace       used 15483K, capacity 15869K, committed 16128K, reserved 1062912K
  class space    used 1855K, capacity 2022K, committed 2048K, reserved 1048576K
}
Event: 3.122 GC heap before
{Heap before GC invocations=27 (full 0):
 garbage-first heap   total 195584K, used 109088K [0x0000000780000000, 0x0000000800000000)
  region size 1024K, 2 young (2048K), 1 survivors (1024K)
 Metaspace       used 15483K, capacity 15869K, committed 16128K, reserved 1062912K
  class space    used 1855K, capacity 2022K, committed 2048K, reserved 1048576K
}
Event: 3.122 GC heap after
{Heap after GC invocations=28 (full 0):
 garbage-first heap   total 195584K, used 109094K [0x0000000780000000, 0x0000000800000000)
  region size 1024K, 1 young (1024K), 1 survivors (1024K)
 Metaspace       used 15483K, capacity 15869K, committed 16128K, reserved 1062912K
  class space    used 1855K, capacity 2022K, committed 2048K, reserved 1048576K
}
Event: 3.143 GC heap before
{Heap before GC invocations=29 (full 0):
 garbage-first heap   total 195584K, used 110118K [0x0000000780000000, 0x0000000800000000)
  region size 1024K, 2 young (2048K), 1 survivors (1024K)
 Metaspace       used 15483K, capacity 15869K, committed 16128K, reserved 1062912K
  class space    used 1855K, capacity 2022K, committed 2048K, reserved 1048576K
}
Event: 3.144 GC heap after
{Heap after GC invocations=30 (full 0):
 garbage-first heap   total 235520K, used 110123K [0x0000000780000000, 0x0000000800000000)
  region size 1024K, 1 young (1024K), 1 survivors (1024K)
 Metaspace       used 15483K, capacity 15869K, committed 16128K, reserved 1062912K
  class space    used 1855K, capacity 2022K, committed 2048K, reserved 1048576K
}
Event: 3.168 GC heap before
{Heap before GC invocations=31 (full 0):
 garbage-first heap   total 235520K, used 111147K [0x0000000780000000, 0x0000000800000000)
  region size 1024K, 2 young (2048K), 1 survivors (1024K)
 Metaspace       used 15483K, capacity 15869K, committed 16128K, reserved 1062912K
  class space    used 1855K, capacity 2022K, committed 2048K, reserved 1048576K
}
Event: 3.169 GC heap after
{Heap after GC invocations=32 (full 0):
 garbage-first heap   total 235520K, used 111153K [0x0000000780000000, 0x0000000800000000)
  region size 1024K, 1 young (1024K), 1 survivors (1024K)
 Metaspace       used 15483K, capacity 15869K, committed 16128K, reserved 1062912K
  class space    used 1855K, capacity 2022K, committed 2048K, reserved 1048576K
}
Event: 3.939 GC heap before
{Heap before GC invocations=33 (full 0):
 garbage-first heap   total 235520K, used 123441K [0x0000000780000000, 0x0000000800000000)
  region size 1024K, 13 young (13312K), 1 survivors (1024K)
 Metaspace       used 18770K, capacity 19317K, committed 19584K, reserved 1067008K
  class space    used 2319K, capacity 2580K, committed 2688K, reserved 1048576K
}
Event: 3.942 GC heap after
{Heap after GC invocations=34 (full 0):
 garbage-first heap   total 235520K, used 113688K [0x0000000780000000, 0x0000000800000000)
  region size 1024K, 2 young (2048K), 2 survivors (2048K)
 Metaspace       used 18770K, capacity 19317K, committed 19584K, reserved 1067008K
  class space    used 2319K, capacity 2580K, committed 2688K, reserved 1048576K
}

